<?xml version="1.0" encoding="UTF-8"?>
<!-- Generated by org.testng.reporters.JUnitXMLReporter -->
<testsuite ignored="0" hostname="DESKTOP-L2M5U0G" failures="0" tests="3" name="Test" time="40.067" errors="0" timestamp="2022-11-27T05:34:54 AEDT">
  <testcase classname="com.test.MavenPgm.DoubleClick" name="DoubleClicks" time="22.242"/>
  <testcase classname="com.test.MavenPgm.MultiTest" name="SelectDropDown" time="0.391"/>
  <testcase classname="com.test.MavenPgm.MultiTest" name="MouseHovering" time="3.023"/>
</testsuite> <!-- Test -->
