<?xml version="1.0" encoding="UTF-8"?>
<testng-results ignored="0" total="3" passed="3" failed="0" skipped="0">
  <reporter-output>
  </reporter-output>
  <suite started-at="2022-11-27T05:34:14 AEDT" name="Suite" finished-at="2022-11-27T05:34:54 AEDT" duration-ms="40067">
    <groups>
    </groups>
    <test started-at="2022-11-27T05:34:14 AEDT" name="Test" finished-at="2022-11-27T05:34:54 AEDT" duration-ms="40067">
      <class name="com.test.MavenPgm.DoubleClick">
        <test-method signature="DoubleClicks()[pri:0, instance:com.test.MavenPgm.DoubleClick@363ee3a2]" started-at="2022-11-27T05:34:14 AEDT" name="DoubleClicks" finished-at="2022-11-27T05:34:36 AEDT" duration-ms="22242" status="PASS">
          <reporter-output>
          </reporter-output>
        </test-method> <!-- DoubleClicks -->
      </class> <!-- com.test.MavenPgm.DoubleClick -->
      <class name="com.test.MavenPgm.MultiTest">
        <test-method is-config="true" signature="Initalization()[pri:0, instance:com.test.MavenPgm.MultiTest@ef9296d]" started-at="2022-11-27T05:34:36 AEDT" name="Initalization" finished-at="2022-11-27T05:34:44 AEDT" duration-ms="7142" status="PASS">
          <reporter-output>
          </reporter-output>
        </test-method> <!-- Initalization -->
        <test-method signature="SelectDropDown()[pri:1, instance:com.test.MavenPgm.MultiTest@ef9296d]" started-at="2022-11-27T05:34:44 AEDT" name="SelectDropDown" finished-at="2022-11-27T05:34:44 AEDT" duration-ms="391" status="PASS">
          <reporter-output>
          </reporter-output>
        </test-method> <!-- SelectDropDown -->
        <test-method is-config="true" signature="CleanUp()[pri:0, instance:com.test.MavenPgm.MultiTest@ef9296d]" started-at="2022-11-27T05:34:44 AEDT" name="CleanUp" finished-at="2022-11-27T05:34:44 AEDT" duration-ms="235" status="PASS">
          <reporter-output>
          </reporter-output>
        </test-method> <!-- CleanUp -->
        <test-method is-config="true" signature="Initalization()[pri:0, instance:com.test.MavenPgm.MultiTest@ef9296d]" started-at="2022-11-27T05:34:44 AEDT" name="Initalization" finished-at="2022-11-27T05:34:51 AEDT" duration-ms="6802" status="PASS">
          <reporter-output>
          </reporter-output>
        </test-method> <!-- Initalization -->
        <test-method signature="MouseHovering()[pri:2, instance:com.test.MavenPgm.MultiTest@ef9296d]" started-at="2022-11-27T05:34:51 AEDT" name="MouseHovering" finished-at="2022-11-27T05:34:54 AEDT" duration-ms="3023" status="PASS">
          <reporter-output>
          </reporter-output>
        </test-method> <!-- MouseHovering -->
        <test-method is-config="true" signature="CleanUp()[pri:0, instance:com.test.MavenPgm.MultiTest@ef9296d]" started-at="2022-11-27T05:34:54 AEDT" name="CleanUp" finished-at="2022-11-27T05:34:54 AEDT" duration-ms="195" status="PASS">
          <reporter-output>
          </reporter-output>
        </test-method> <!-- CleanUp -->
      </class> <!-- com.test.MavenPgm.MultiTest -->
    </test> <!-- Test -->
  </suite> <!-- Suite -->
</testng-results>
