<?xml version="1.0" encoding="UTF-8"?>
<testng-results ignored="0" total="3" passed="2" failed="1" skipped="0">
  <reporter-output>
  </reporter-output>
  <suite started-at="2022-11-27T05:29:13 AEDT" name="Suite" finished-at="2022-11-27T05:29:52 AEDT" duration-ms="38652">
    <groups>
    </groups>
    <test started-at="2022-11-27T05:29:13 AEDT" name="Test" finished-at="2022-11-27T05:29:52 AEDT" duration-ms="38652">
      <class name="com.test.MavenPgm.DoubleClick">
        <test-method signature="DoubleClicks()[pri:0, instance:com.test.MavenPgm.DoubleClick@9f116cc]" started-at="2022-11-27T05:29:13 AEDT" name="DoubleClicks" finished-at="2022-11-27T05:29:20 AEDT" duration-ms="6761" status="PASS">
          <reporter-output>
          </reporter-output>
        </test-method> <!-- DoubleClicks -->
      </class> <!-- com.test.MavenPgm.DoubleClick -->
      <class name="com.test.MavenPgm.MultiTest">
        <test-method is-config="true" signature="Initalization()[pri:0, instance:com.test.MavenPgm.MultiTest@515aebb0]" started-at="2022-11-27T05:29:20 AEDT" name="Initalization" finished-at="2022-11-27T05:29:26 AEDT" duration-ms="6347" status="PASS">
          <reporter-output>
          </reporter-output>
        </test-method> <!-- Initalization -->
        <test-method signature="SelectDropDown()[pri:1, instance:com.test.MavenPgm.MultiTest@515aebb0]" started-at="2022-11-27T05:29:26 AEDT" name="SelectDropDown" finished-at="2022-11-27T05:29:26 AEDT" duration-ms="16" status="FAIL">
          <exception class="org.openqa.selenium.NoSuchElementException">
            <message>
              <![CDATA[no such element: Unable to locate element: {"method":"css selector","selector":"#searchDropdownBox"}
  (Session info: chrome=107.0.5304.108)
For documentation on this error, please visit: https://selenium.dev/exceptions/#no_such_element
Build info: version: '4.6.0', revision: '79f1c02ae20'
System info: os.name: 'Windows 11', os.arch: 'amd64', os.version: '10.0', java.version: '18.0.2.1'
Driver info: org.openqa.selenium.chrome.ChromeDriver
Command: [f048aea286e353f9c615f0d37a695b87, findElement {using=id, value=searchDropdownBox}]
Capabilities {acceptInsecureCerts: false, browserName: chrome, browserVersion: 107.0.5304.108, chrome: {chromedriverVersion: 106.0.5249.61 (511755355844..., userDataDir: C:\Users\jahna\AppData\Loca...}, goog:chromeOptions: {debuggerAddress: localhost:63857}, networkConnectionEnabled: false, pageLoadStrategy: normal, platformName: WINDOWS, proxy: Proxy(), se:cdp: ws://localhost:63857/devtoo..., se:cdpVersion: 107.0.5304.108, setWindowRect: true, strictFileInteractability: false, timeouts: {implicit: 0, pageLoad: 300000, script: 30000}, unhandledPromptBehavior: dismiss and notify, webauthn:extension:credBlob: true, webauthn:extension:largeBlob: true, webauthn:virtualAuthenticators: true}
Session ID: f048aea286e353f9c615f0d37a695b87]]>
            </message>
            <full-stacktrace>
              <![CDATA[org.openqa.selenium.NoSuchElementException: no such element: Unable to locate element: {"method":"css selector","selector":"#searchDropdownBox"}
  (Session info: chrome=107.0.5304.108)
For documentation on this error, please visit: https://selenium.dev/exceptions/#no_such_element
Build info: version: '4.6.0', revision: '79f1c02ae20'
System info: os.name: 'Windows 11', os.arch: 'amd64', os.version: '10.0', java.version: '18.0.2.1'
Driver info: org.openqa.selenium.chrome.ChromeDriver
Command: [f048aea286e353f9c615f0d37a695b87, findElement {using=id, value=searchDropdownBox}]
Capabilities {acceptInsecureCerts: false, browserName: chrome, browserVersion: 107.0.5304.108, chrome: {chromedriverVersion: 106.0.5249.61 (511755355844..., userDataDir: C:\Users\jahna\AppData\Loca...}, goog:chromeOptions: {debuggerAddress: localhost:63857}, networkConnectionEnabled: false, pageLoadStrategy: normal, platformName: WINDOWS, proxy: Proxy(), se:cdp: ws://localhost:63857/devtoo..., se:cdpVersion: 107.0.5304.108, setWindowRect: true, strictFileInteractability: false, timeouts: {implicit: 0, pageLoad: 300000, script: 30000}, unhandledPromptBehavior: dismiss and notify, webauthn:extension:credBlob: true, webauthn:extension:largeBlob: true, webauthn:virtualAuthenticators: true}
Session ID: f048aea286e353f9c615f0d37a695b87
at java.base/jdk.internal.reflect.DirectConstructorHandleAccessor.newInstance(DirectConstructorHandleAccessor.java:67)
at java.base/java.lang.reflect.Constructor.newInstanceWithCaller(Constructor.java:499)
at java.base/java.lang.reflect.Constructor.newInstance(Constructor.java:483)
at org.openqa.selenium.remote.codec.w3c.W3CHttpResponseCodec.createException(W3CHttpResponseCodec.java:200)
at org.openqa.selenium.remote.codec.w3c.W3CHttpResponseCodec.decode(W3CHttpResponseCodec.java:133)
at org.openqa.selenium.remote.codec.w3c.W3CHttpResponseCodec.decode(W3CHttpResponseCodec.java:53)
at org.openqa.selenium.remote.HttpCommandExecutor.execute(HttpCommandExecutor.java:184)
at org.openqa.selenium.remote.service.DriverCommandExecutor.invokeExecute(DriverCommandExecutor.java:167)
at org.openqa.selenium.remote.service.DriverCommandExecutor.execute(DriverCommandExecutor.java:142)
at org.openqa.selenium.remote.RemoteWebDriver.execute(RemoteWebDriver.java:541)
at org.openqa.selenium.remote.ElementLocation$ElementFinder$2.findElement(ElementLocation.java:162)
at org.openqa.selenium.remote.ElementLocation.findElement(ElementLocation.java:66)
at org.openqa.selenium.remote.RemoteWebDriver.findElement(RemoteWebDriver.java:365)
at org.openqa.selenium.remote.RemoteWebDriver.findElement(RemoteWebDriver.java:357)
at com.test.MavenPgm.MultiTest.SelectDropDown(MultiTest.java:44)
at java.base/jdk.internal.reflect.DirectMethodHandleAccessor.invoke(DirectMethodHandleAccessor.java:104)
at java.base/java.lang.reflect.Method.invoke(Method.java:577)
at org.testng.internal.invokers.MethodInvocationHelper.invokeMethod(MethodInvocationHelper.java:139)
at org.testng.internal.invokers.TestInvoker.invokeMethod(TestInvoker.java:677)
at org.testng.internal.invokers.TestInvoker.invokeTestMethod(TestInvoker.java:221)
at org.testng.internal.invokers.MethodRunner.runInSequence(MethodRunner.java:50)
at org.testng.internal.invokers.TestInvoker$MethodInvocationAgent.invoke(TestInvoker.java:962)
at org.testng.internal.invokers.TestInvoker.invokeTestMethods(TestInvoker.java:194)
at org.testng.internal.invokers.TestMethodWorker.invokeTestMethods(TestMethodWorker.java:148)
at org.testng.internal.invokers.TestMethodWorker.run(TestMethodWorker.java:128)
at java.base/java.util.ArrayList.forEach(ArrayList.java:1511)
at org.testng.TestRunner.privateRun(TestRunner.java:806)
at org.testng.TestRunner.run(TestRunner.java:601)
at org.testng.SuiteRunner.runTest(SuiteRunner.java:433)
at org.testng.SuiteRunner.runSequentially(SuiteRunner.java:427)
at org.testng.SuiteRunner.privateRun(SuiteRunner.java:387)
at org.testng.SuiteRunner.run(SuiteRunner.java:330)
at org.testng.SuiteRunnerWorker.runSuite(SuiteRunnerWorker.java:52)
at org.testng.SuiteRunnerWorker.run(SuiteRunnerWorker.java:95)
at org.testng.TestNG.runSuitesSequentially(TestNG.java:1256)
at org.testng.TestNG.runSuitesLocally(TestNG.java:1176)
at org.testng.TestNG.runSuites(TestNG.java:1099)
at org.testng.TestNG.run(TestNG.java:1067)
at org.testng.remote.AbstractRemoteTestNG.run(AbstractRemoteTestNG.java:115)
at org.testng.remote.RemoteTestNG.initAndRun(RemoteTestNG.java:251)
at org.testng.remote.RemoteTestNG.main(RemoteTestNG.java:77)
]]>
            </full-stacktrace>
          </exception> <!-- org.openqa.selenium.NoSuchElementException -->
          <reporter-output>
          </reporter-output>
        </test-method> <!-- SelectDropDown -->
        <test-method is-config="true" signature="CleanUp()[pri:0, instance:com.test.MavenPgm.MultiTest@515aebb0]" started-at="2022-11-27T05:29:26 AEDT" name="CleanUp" finished-at="2022-11-27T05:29:42 AEDT" duration-ms="16219" status="PASS">
          <reporter-output>
          </reporter-output>
        </test-method> <!-- CleanUp -->
        <test-method is-config="true" signature="Initalization()[pri:0, instance:com.test.MavenPgm.MultiTest@515aebb0]" started-at="2022-11-27T05:29:42 AEDT" name="Initalization" finished-at="2022-11-27T05:29:49 AEDT" duration-ms="6365" status="PASS">
          <reporter-output>
          </reporter-output>
        </test-method> <!-- Initalization -->
        <test-method signature="MouseHovering()[pri:2, instance:com.test.MavenPgm.MultiTest@515aebb0]" started-at="2022-11-27T05:29:49 AEDT" name="MouseHovering" finished-at="2022-11-27T05:29:52 AEDT" duration-ms="2723" status="PASS">
          <reporter-output>
          </reporter-output>
        </test-method> <!-- MouseHovering -->
        <test-method is-config="true" signature="CleanUp()[pri:0, instance:com.test.MavenPgm.MultiTest@515aebb0]" started-at="2022-11-27T05:29:52 AEDT" name="CleanUp" finished-at="2022-11-27T05:29:52 AEDT" duration-ms="155" status="PASS">
          <reporter-output>
          </reporter-output>
        </test-method> <!-- CleanUp -->
      </class> <!-- com.test.MavenPgm.MultiTest -->
    </test> <!-- Test -->
  </suite> <!-- Suite -->
</testng-results>
